<?xml version="1.0" encoding="UTF-8"?>
<testng-results skipped="0" failed="0" total="3" passed="3">
  <reporter-output>
  </reporter-output>
  <suite name="Default suite" duration-ms="246879" started-at="2018-06-29T12:00:43Z" finished-at="2018-06-29T12:04:49Z">
    <groups>
    </groups>
    <test name="Default test" duration-ms="246879" started-at="2018-06-29T12:00:43Z" finished-at="2018-06-29T12:04:49Z">
      <class name="dailychecklist.MonthlyWorkoutSession">
        <test-method status="PASS" signature="OpenBrowser()[pri:0, instance:dailychecklist.MonthlyWorkoutSession@3532ec19]" name="OpenBrowser" is-config="true" duration-ms="56" started-at="2018-06-29T17:30:43Z" finished-at="2018-06-29T17:30:43Z">
          <reporter-output>
          </reporter-output>
        </test-method> <!-- OpenBrowser -->
        <test-method status="PASS" signature="MonthlyWorkoutSessionNormalLogin(java.lang.String, java.lang.String)[pri:1, instance:dailychecklist.MonthlyWorkoutSession@3532ec19]" name="MonthlyWorkoutSessionNormalLogin" duration-ms="79149" started-at="2018-06-29T17:30:43Z" data-provider="UserLogin" finished-at="2018-06-29T17:32:02Z">
          <params>
            <param index="0">
              <value>
                <![CDATA[saikumaratmakur@gmail.com]]>
              </value>
            </param>
            <param index="1">
              <value>
                <![CDATA[password]]>
              </value>
            </param>
          </params>
          <reporter-output>
          </reporter-output>
        </test-method> <!-- MonthlyWorkoutSessionNormalLogin -->
        <test-method status="PASS" signature="MonthlyWorkoutSessionGmailLogin()[pri:2, instance:dailychecklist.MonthlyWorkoutSession@3532ec19]" name="MonthlyWorkoutSessionGmailLogin" duration-ms="81944" started-at="2018-06-29T17:32:02Z" finished-at="2018-06-29T17:33:24Z">
          <reporter-output>
          </reporter-output>
        </test-method> <!-- MonthlyWorkoutSessionGmailLogin -->
        <test-method status="PASS" signature="MonthlyWorkoutSessionFacebookLogin()[pri:3, instance:dailychecklist.MonthlyWorkoutSession@3532ec19]" name="MonthlyWorkoutSessionFacebookLogin" duration-ms="82717" started-at="2018-06-29T17:33:24Z" finished-at="2018-06-29T17:34:46Z">
          <reporter-output>
          </reporter-output>
        </test-method> <!-- MonthlyWorkoutSessionFacebookLogin -->
        <test-method status="PASS" signature="MonthlySessionCreatedsuccesfully()[pri:0, instance:dailychecklist.MonthlyWorkoutSession@3532ec19]" name="MonthlySessionCreatedsuccesfully" is-config="true" duration-ms="3000" started-at="2018-06-29T17:34:46Z" finished-at="2018-06-29T17:34:49Z">
          <reporter-output>
          </reporter-output>
        </test-method> <!-- MonthlySessionCreatedsuccesfully -->
      </class> <!-- dailychecklist.MonthlyWorkoutSession -->
    </test> <!-- Default test -->
  </suite> <!-- Default suite -->
</testng-results>
