<?xml version="1.0" encoding="UTF-8"?>
<!-- Generated by org.testng.reporters.JUnitXMLReporter -->
<testsuite hostname="Vijay" name="Logins Test" tests="3" failures="0" timestamp="29 Jun 2018 12:22:11 GMT" time="236.195" errors="0">
  <testcase name="TrainerLogin" time="50.54" classname="dailychecklist.LoginTest"/>
  <testcase name="FacebookLogin" time="25.576" classname="dailychecklist.FacebookLoginTest"/>
  <testcase name="GmailLogin" time="10.952" classname="dailychecklist.GmailLoginTest"/>
</testsuite> <!-- Logins Test -->
