<?xml version="1.0" encoding="UTF-8"?>
<!-- Generated by org.testng.reporters.JUnitXMLReporter -->
<testsuite hostname="Vijay" name="Default test" tests="3" failures="0" timestamp="29 Jun 2018 12:04:49 GMT" time="246.879" errors="0">
  <testcase name="MonthlyWorkoutSessionNormalLogin" time="79.149" classname="dailychecklist.MonthlyWorkoutSession"/>
  <testcase name="MonthlyWorkoutSessionGmailLogin" time="81.944" classname="dailychecklist.MonthlyWorkoutSession"/>
  <testcase name="MonthlyWorkoutSessionFacebookLogin" time="82.717" classname="dailychecklist.MonthlyWorkoutSession"/>
</testsuite> <!-- Default test -->
